<?xml version="1.0" encoding="UTF-8" ?>
<testsuite tests="7" failures="0" name="mainPackage.ValidadorDeContraseniasTest" time="0.126" errors="0" skipped="0">
  <properties>
[...]
</properties>
  <testcase classname="mainPackage.ValidadorDeContraseniasTest" name="esUnaContraseniaComun" time="0.063"/>
  <testcase classname="mainPackage.ValidadorDeContraseniasTest" name="tieneCaracteresRepetidos" time="0.016"/>
  <testcase classname="mainPackage.ValidadorDeContraseniasTest" name="esUnaContraseniaSegura" time="0.016"/>
  <testcase classname="mainPackage.ValidadorDeContraseniasTest" name="constraseniaEsCorta" time="0.015"/>
  <testcase classname="mainPackage.ValidadorDeContraseniasTest" name="contraseniaEsLarga" time="0"/>
  <testcase classname="mainPackage.ValidadorDeContraseniasTest" name="tieneNumerosSecuenciales" time="0"/>
  <testcase classname="mainPackage.ValidadorDeContraseniasTest" name="tieneLetrasSecuenciales" time="0.016"/>
</testsuite>